src/minishell.c: OK!
src/ast/create_ast.c: OK!
src/ast/create_ast_value.c: OK!
src/ast/create_ast_value_utils.c: OK!
src/ast/free_ast.c: OK!
src/ast/utils.c: OK!
src/ast/exec_ast.c: OK!
src/command/utils.c: OK!
src/command/command.c: OK!
src/command/wait.c: OK!
src/command/here_doc.c: OK!
src/command/here_doc_utils.c: OK!
src/command/builtins/echo.c: OK!
src/command/builtins/env.c: OK!
src/command/builtins/export.c: OK!
src/command/builtins/pwd.c: OK!
src/command/builtins/unset.c: OK!
src/command/builtins/cd.c: OK!
src/command/builtins/history.c: OK!
src/command/builtins/exit.c: OK!
src/command/exec/exec_simple.c: OK!
src/command/exec/exec_subshell.c: OK!
src/command/exec/exec_builout.c: OK!
src/command/exec/pipe/utils.c: OK!
src/command/exec/pipe/pipe.c: OK!
src/command/prepare/standard_fd.c: OK!
src/command/prepare/clear_heredoc.c: OK!
src/command/prepare/close_all_redir.c: OK!
src/command/prepare/dup_all_redir.c: OK!
src/command/prepare/open_all_redirection.c: OK!
src/command/prepare/safe_dup_all_redir.c: OK!
src/env/env.c: OK!
src/env/env_factory.c: OK!
src/env/parser.c: OK!
src/env/test.c: OK!
src/env/utils.c: OK!
src/expension/dequoting.c: OK!
src/expension/utils.c: OK!
src/expension/utils2.c: OK!
src/expension/expend/expend.c: OK!
src/expension/expend/expend_variable.c: OK!
src/expension/expend/expend_wildcard.c: OK!
src/expension/expend/expend_wildcard_utils.c: OK!
src/expension/expend/split_args.c: OK!
src/readline/get_line.c: OK!
src/signal/signal.c: OK!
src/test/print.c: OK!
src/token/tokenise.c: OK!
src/token/tokenise_and_or.c: OK!
src/token/tokens.c: OK!
src/token/totokenise.c: OK!
src/token/utils.c: OK!
src/token/utils2.c: OK!
src/token/tokenise_subshell.c: OK!
src/token/tokenise_quote.c: OK!
src/token/valid_token.c: OK!
src/utils/error.c: OK!
src/utils/history.c: OK!
src/utils/len.c: OK!
src/utils/minishell_utils.c: OK!
src/utils/free.c: OK!
src/dlist/dlist_utils.c: OK!
src/dlist/dlist.c: OK!
include/builtins.h: OK!
include/color.h: OK!
include/env.h: OK!
include/expension.h: OK!
include/ms_error.h: OK!
include/redirections.h: OK!
include/test.h: OK!
include/tokens.h: OK!
include/utils.h: OK!
include/dlist.h: OK!
include/ms_signal.h: OK!
include/ast.h: OK!
include/command.h: OK!
include/here_doc.h: OK!
include/minishell.h: OK!
